\BOOKMARK [0][-]{chapter.1}{Introdu\347\343o}{}% 1
\BOOKMARK [1][-]{section.1.1}{Hist\363ria do LaTeX}{chapter.1}% 2
\BOOKMARK [1][-]{section.1.2}{Motiva\347\343o e Descri\347\343o Cap\355tulos}{chapter.1}% 3
\BOOKMARK [0][-]{chapter.2}{Itrodu\347\343o \340 estrutura LaTeX}{}% 4
\BOOKMARK [1][-]{section.2.1}{Filosofia}{chapter.2}% 5
\BOOKMARK [2][-]{subsection.2.1.1}{Pr\363s}{section.2.1}% 6
\BOOKMARK [2][-]{subsection.2.1.2}{Contras}{section.2.1}% 7
\BOOKMARK [2][-]{subsection.2.1.3}{WYSIWYM}{section.2.1}% 8
\BOOKMARK [2][-]{subsection.2.1.4}{WYSIWYG}{section.2.1}% 9
\BOOKMARK [1][-]{section.2.2}{Estrutura de Comandos}{chapter.2}% 10
\BOOKMARK [0][-]{chapter.3}{Aprofundamento da linguagem}{}% 11
\BOOKMARK [1][-]{section.3.1}{Pacotes LaTeX}{chapter.3}% 12
\BOOKMARK [1][-]{section.3.2}{Caracteres Especiais}{chapter.3}% 13
\BOOKMARK [1][-]{section.3.3}{Inclus\343o de Imagens}{chapter.3}% 14
\BOOKMARK [1][-]{section.3.4}{Listas e Tabelas}{chapter.3}% 15
\BOOKMARK [2][-]{subsection.3.4.1}{Listas}{section.3.4}% 16
\BOOKMARK [2][-]{subsection.3.4.2}{Tabelas}{section.3.4}% 17
\BOOKMARK [1][-]{section.3.5}{Modo Matem\341tica}{chapter.3}% 18
\BOOKMARK [2][-]{subsection.3.5.1}{Como utilizar o Modo de Matem\341tica}{section.3.5}% 19
\BOOKMARK [2][-]{subsection.3.5.2}{Comandos mais comuns em LaTeX}{section.3.5}% 20
\BOOKMARK [2][-]{subsection.3.5.3}{Caracteres do Modo Matem\341tica}{section.3.5}% 21
\BOOKMARK [2][-]{subsection.3.5.4}{Fra\347\365es}{section.3.5}% 22
\BOOKMARK [2][-]{subsection.3.5.5}{SuperScripts e SubScripts}{section.3.5}% 23
\BOOKMARK [2][-]{subsection.3.5.6}{Radicais}{section.3.5}% 24
\BOOKMARK [2][-]{subsection.3.5.7}{Integrais, Somat\363rios, Produt\363rios e Limites}{section.3.5}% 25
\BOOKMARK [2][-]{subsection.3.5.8}{Indexa\347\343o de Equa\347\365es}{section.3.5}% 26
\BOOKMARK [2][-]{subsection.3.5.9}{Matrizes}{section.3.5}% 27
\BOOKMARK [2][-]{subsection.3.5.10}{Chavetas}{section.3.5}% 28
\BOOKMARK [1][-]{section.3.6}{Cria\347\343o Gr\341ficos}{chapter.3}% 29
\BOOKMARK [1][-]{section.3.7}{Projetos com LaTeXComando input}{chapter.3}% 30
\BOOKMARK [1][-]{section.3.8}{Refer\352ncias a Documentos Externos}{chapter.3}% 31
\BOOKMARK [1][-]{section.3.9}{Fontes e Estilos de Texto}{chapter.3}% 32
